<?xml version="1.0" encoding="UTF-8"?>
<testsuite xmlns:xsi="http://www.w3.org/2001/XMLSchema-instance" xsi:noNamespaceSchemaLocation="https://maven.apache.org/surefire/maven-surefire-plugin/xsd/surefire-test-report-3.0.xsd" version="3.0" name="ar.edu.unahur.obj2.observer.observables.ProductoSubatadoTest" time="0.107" tests="7" errors="0" skipped="0" failures="0">
  <properties>
    <property name="java.specification.version" value="23"/>
    <property name="sun.cpu.isalist" value="amd64"/>
    <property name="sun.jnu.encoding" value="Cp1252"/>
    <property name="java.class.path" value="D:\Jeremias\Unahur\5to Cuatrimestre\Programacion de Objetos II\subastas-JereBryne\target\test-classes;D:\Jeremias\Unahur\5to Cuatrimestre\Programacion de Objetos II\subastas-JereBryne\target\classes;C:\Users\Markevich\.m2\repository\org\junit\jupiter\junit-jupiter-engine\5.12.0\junit-jupiter-engine-5.12.0.jar;C:\Users\Markevich\.m2\repository\org\junit\platform\junit-platform-engine\1.12.0\junit-platform-engine-1.12.0.jar;C:\Users\Markevich\.m2\repository\org\opentest4j\opentest4j\1.3.0\opentest4j-1.3.0.jar;C:\Users\Markevich\.m2\repository\org\junit\platform\junit-platform-commons\1.12.0\junit-platform-commons-1.12.0.jar;C:\Users\Markevich\.m2\repository\org\junit\jupiter\junit-jupiter-api\5.12.0\junit-jupiter-api-5.12.0.jar;C:\Users\Markevich\.m2\repository\org\apiguardian\apiguardian-api\1.1.2\apiguardian-api-1.1.2.jar;"/>
    <property name="java.vm.vendor" value="Eclipse Adoptium"/>
    <property name="sun.arch.data.model" value="64"/>
    <property name="user.variant" value=""/>
    <property name="java.vendor.url" value="https://adoptium.net/"/>
    <property name="user.timezone" value="America/Buenos_Aires"/>
    <property name="os.name" value="Windows 11"/>
    <property name="java.vm.specification.version" value="23"/>
    <property name="sun.java.launcher" value="SUN_STANDARD"/>
    <property name="user.country" value="AR"/>
    <property name="sun.boot.library.path" value="C:\Users\Markevich\.p2\pool\plugins\org.eclipse.justj.openjdk.hotspot.jre.full.win32.x86_64_23.0.2.v20250131-0604\jre\bin"/>
    <property name="sun.java.command" value="C:\Users\Markevich\AppData\Local\Temp\surefire8905429405013064645\surefirebooter-20250613021816314_3.jar C:\Users\Markevich\AppData\Local\Temp\surefire8905429405013064645 2025-06-13T02-18-16_171-jvmRun1 surefire-20250613021816314_1tmp surefire_0-20250613021816314_2tmp"/>
    <property name="jdk.debug" value="release"/>
    <property name="surefire.test.class.path" value="D:\Jeremias\Unahur\5to Cuatrimestre\Programacion de Objetos II\subastas-JereBryne\target\test-classes;D:\Jeremias\Unahur\5to Cuatrimestre\Programacion de Objetos II\subastas-JereBryne\target\classes;C:\Users\Markevich\.m2\repository\org\junit\jupiter\junit-jupiter-engine\5.12.0\junit-jupiter-engine-5.12.0.jar;C:\Users\Markevich\.m2\repository\org\junit\platform\junit-platform-engine\1.12.0\junit-platform-engine-1.12.0.jar;C:\Users\Markevich\.m2\repository\org\opentest4j\opentest4j\1.3.0\opentest4j-1.3.0.jar;C:\Users\Markevich\.m2\repository\org\junit\platform\junit-platform-commons\1.12.0\junit-platform-commons-1.12.0.jar;C:\Users\Markevich\.m2\repository\org\junit\jupiter\junit-jupiter-api\5.12.0\junit-jupiter-api-5.12.0.jar;C:\Users\Markevich\.m2\repository\org\apiguardian\apiguardian-api\1.1.2\apiguardian-api-1.1.2.jar;"/>
    <property name="sun.cpu.endian" value="little"/>
    <property name="user.home" value="C:\Users\Markevich"/>
    <property name="user.language" value="es"/>
    <property name="java.specification.vendor" value="Oracle Corporation"/>
    <property name="java.version.date" value="2025-01-21"/>
    <property name="java.home" value="C:\Users\Markevich\.p2\pool\plugins\org.eclipse.justj.openjdk.hotspot.jre.full.win32.x86_64_23.0.2.v20250131-0604\jre"/>
    <property name="file.separator" value="\"/>
    <property name="basedir" value="D:\Jeremias\Unahur\5to Cuatrimestre\Programacion de Objetos II\subastas-JereBryne"/>
    <property name="style.color" value="always"/>
    <property name="java.vm.compressedOopsMode" value="Zero based"/>
    <property name="line.separator" value="&#10;"/>
    <property name="java.vm.specification.vendor" value="Oracle Corporation"/>
    <property name="java.specification.name" value="Java Platform API Specification"/>
    <property name="surefire.real.class.path" value="C:\Users\Markevich\AppData\Local\Temp\surefire8905429405013064645\surefirebooter-20250613021816314_3.jar"/>
    <property name="user.script" value=""/>
    <property name="sun.management.compiler" value="HotSpot 64-Bit Tiered Compilers"/>
    <property name="java.runtime.version" value="23.0.2+7"/>
    <property name="user.name" value="Markevich"/>
    <property name="stdout.encoding" value="Cp1252"/>
    <property name="path.separator" value=";"/>
    <property name="os.version" value="10.0"/>
    <property name="java.runtime.name" value="OpenJDK Runtime Environment"/>
    <property name="file.encoding" value="UTF-8"/>
    <property name="java.vm.name" value="OpenJDK 64-Bit Server VM"/>
    <property name="java.vendor.version" value="Temurin-23.0.2+7"/>
    <property name="localRepository" value="C:\Users\Markevich\.m2\repository"/>
    <property name="java.vendor.url.bug" value="https://github.com/adoptium/adoptium-support/issues"/>
    <property name="java.io.tmpdir" value="C:\Users\MARKEV~1\AppData\Local\Temp\"/>
    <property name="java.version" value="23.0.2"/>
    <property name="user.dir" value="D:\Jeremias\Unahur\5to Cuatrimestre\Programacion de Objetos II\subastas-JereBryne"/>
    <property name="os.arch" value="amd64"/>
    <property name="java.vm.specification.name" value="Java Virtual Machine Specification"/>
    <property name="sun.os.patch.level" value=""/>
    <property name="native.encoding" value="Cp1252"/>
    <property name="java.library.path" value="C:\Users\Markevich\.p2\pool\plugins\org.eclipse.justj.openjdk.hotspot.jre.full.win32.x86_64_23.0.2.v20250131-0604\jre\bin;C:\WINDOWS\Sun\Java\bin;C:\WINDOWS\system32;C:\WINDOWS;C:\Users\Markevich\.p2\pool\plugins\org.eclipse.justj.openjdk.hotspot.jre.full.win32.x86_64_23.0.2.v20250131-0604\jre\bin;C:/Users/Markevich/.p2/pool/plugins/org.eclipse.justj.openjdk.hotspot.jre.full.win32.x86_64_23.0.2.v20250131-0604/jre/bin/server;C:/Users/Markevich/.p2/pool/plugins/org.eclipse.justj.openjdk.hotspot.jre.full.win32.x86_64_23.0.2.v20250131-0604/jre/bin;C:\Program Files (x86)\Haskell\bin;C:\Program Files (x86)\Haskell Platform\2010.2.0.0\lib\extralibs\bin;C:\Program Files (x86)\Haskell Platform\2010.2.0.0\bin;C:\Program Files\Common Files\Oracle\Java\javapath;C:\Qt\5.15.2\mingw81_64\bin;C:\Qt\Tools\mingw810_64\bin;C:\Program Files\NVIDIA GPU Computing Toolkit\CUDA\v11.1\bin;C:\Program Files\NVIDIA GPU Computing Toolkit\CUDA\v11.1\libnvvp;C:\Program Files (x86)\Common Files\Intel\Shared Libraries\redist\intel64\compiler;C:\Program Files (x86)\Common Files\Oracle\Java\javapath;C:\Windows\system32;C:\Windows;C:\Windows\System32\Wbem;C:\Windows\System32\WindowsPowerShell\v1.0\;C:\Windows\System32\OpenSSH\;C:\Program Files\NVIDIA Corporation\NVIDIA NvDLISR;C:\Program Files (x86)\NVIDIA Corporation\PhysX\Common;C:\MinGW\bin\;C:\Program Files\MATLAB\R2018a\runtime\win64;C:\Program Files\MATLAB\R2018a\bin;C:\Users\Markevich\AppData\Local\Packages\PythonSoftwareFoundation.Python.3.8_qbz5n2kfra8p0\LocalCache\local-packages\Python38\Scripts;C:\Program Files\NVIDIA Corporation\Nsight Compute 2020.2.1\;C:\Users\Markevich\AppData\Roaming\Python\Python39\Scripts;C:\Program Files (x86)\GitExtensions\;C:\Strawberry\c\bin;C:\Strawberry\perl\site\bin;C:\Strawberry\perl\bin;C:\Users\nahue\AppData\Local\Programs\MiKTeX\miktex\bin\x64;C:\Program Files\PuTTY\;C:\Program Files\CMake\bin;D:\programas\Anaconda\bin;D:\programas\Anaconda;C:\Program Files\dotnet\;C:\WINDOWS\system32;C:\WINDOWS;C:\WINDOWS\System32\Wbem;C:\WINDOWS\System32\WindowsPowerShell\v1.0\;C:\WINDOWS\System32\OpenSSH\;C:\Program Files (x86)\dotnet\;C:\Program Files\nodejs\;C:\Program Files\Git\cmd;D:\Jeremias\Unahur\5to Cuatrimestre\Programacion de Objetos II\apache-maven-3.9.9\bin;C:\Users\Markevich\AppData\Roaming\cabal\bin;C:\Users\Markevich\AppData\Local\Programs\Python\Python39\Scripts\;C:\Users\Markevich\AppData\Local\Programs\Python\Python39\;C:\Users\Markevich\AppData\Local\Programs\Python\Launcher\;C:\Users\Markevich\AppData\Local\Microsoft\WindowsApps;C:\Users\Markevich\AppData\Local\Programs\Microsoft VS Code\bin;C:\Users\Markevich\AppData\Roaming\npm;C:\Users\Markevich\Desktop;;."/>
    <property name="java.vm.info" value="mixed mode, sharing"/>
    <property name="stderr.encoding" value="Cp1252"/>
    <property name="java.vendor" value="Eclipse Adoptium"/>
    <property name="java.vm.version" value="23.0.2+7"/>
    <property name="sun.io.unicode.encoding" value="UnicodeLittle"/>
    <property name="java.class.version" value="67.0"/>
  </properties>
  <testcase name="elUnicoHaceSolamenteUnaOferta" classname="ar.edu.unahur.obj2.observer.observables.ProductoSubatadoTest" time="0.056"/>
  <testcase name="noSEPuedeAgregarUnaOfertaDeDiazdanYaQueNoEsParticipante" classname="ar.edu.unahur.obj2.observer.observables.ProductoSubatadoTest" time="0.006"/>
  <testcase name="loSubastadoresRecibenCorrectamenteLaUltimaOfertaRealizada" classname="ar.edu.unahur.obj2.observer.observables.ProductoSubatadoTest" time="0.001"/>
  <testcase name="laUltimaOfertaPerteneceArtomau" classname="ar.edu.unahur.obj2.observer.observables.ProductoSubatadoTest" time="0.0"/>
  <testcase name="laCantidadDeOfertasRecibidasEsDe3" classname="ar.edu.unahur.obj2.observer.observables.ProductoSubatadoTest" time="0.001"/>
  <testcase name="elLimitadoNoOfertaCuandoElValorSuperaSuUmbralDe20" classname="ar.edu.unahur.obj2.observer.observables.ProductoSubatadoTest" time="0.001"/>
  <testcase name="elValorDeLaUltimaOfertaEsDe30Pesutis" classname="ar.edu.unahur.obj2.observer.observables.ProductoSubatadoTest" time="0.001"/>
</testsuite>